<?xml version="1.0" encoding="UTF-8"?>
<testsuite xmlns:xsi="http://www.w3.org/2001/XMLSchema-instance" xsi:noNamespaceSchemaLocation="https://maven.apache.org/surefire/maven-surefire-plugin/xsd/surefire-test-report-3.0.xsd" version="3.0" name="com.bda.GetCartwithDate" time="2.675" tests="1" errors="0" skipped="0" failures="0">
  <properties>
    <property name="java.specification.version" value="17"/>
    <property name="sun.cpu.isalist" value="amd64"/>
    <property name="sun.jnu.encoding" value="Cp1252"/>
    <property name="java.class.path" value="C:\Users\athif\Desktop\QA\ujianJC_REST_Assured\RestTest\target\test-classes;C:\Users\athif\Desktop\QA\ujianJC_REST_Assured\RestTest\target\classes;C:\Users\athif\.m2\repository\org\testng\testng\7.4.0\testng-7.4.0.jar;C:\Users\athif\.m2\repository\com\beust\jcommander\1.78\jcommander-1.78.jar;C:\Users\athif\.m2\repository\org\webjars\jquery\3.5.1\jquery-3.5.1.jar;C:\Users\athif\.m2\repository\io\rest-assured\rest-assured\4.5.1\rest-assured-4.5.1.jar;C:\Users\athif\.m2\repository\org\codehaus\groovy\groovy\3.0.9\groovy-3.0.9.jar;C:\Users\athif\.m2\repository\org\codehaus\groovy\groovy-xml\3.0.9\groovy-xml-3.0.9.jar;C:\Users\athif\.m2\repository\org\apache\httpcomponents\httpclient\4.5.13\httpclient-4.5.13.jar;C:\Users\athif\.m2\repository\org\apache\httpcomponents\httpcore\4.4.13\httpcore-4.4.13.jar;C:\Users\athif\.m2\repository\commons-logging\commons-logging\1.2\commons-logging-1.2.jar;C:\Users\athif\.m2\repository\commons-codec\commons-codec\1.11\commons-codec-1.11.jar;C:\Users\athif\.m2\repository\org\apache\httpcomponents\httpmime\4.5.13\httpmime-4.5.13.jar;C:\Users\athif\.m2\repository\org\hamcrest\hamcrest\2.1\hamcrest-2.1.jar;C:\Users\athif\.m2\repository\org\ccil\cowan\tagsoup\tagsoup\1.2.1\tagsoup-1.2.1.jar;C:\Users\athif\.m2\repository\io\rest-assured\json-path\4.5.1\json-path-4.5.1.jar;C:\Users\athif\.m2\repository\org\codehaus\groovy\groovy-json\3.0.9\groovy-json-3.0.9.jar;C:\Users\athif\.m2\repository\io\rest-assured\rest-assured-common\4.5.1\rest-assured-common-4.5.1.jar;C:\Users\athif\.m2\repository\io\rest-assured\xml-path\4.5.1\xml-path-4.5.1.jar;C:\Users\athif\.m2\repository\org\apache\commons\commons-lang3\3.11\commons-lang3-3.11.jar;C:\Users\athif\.m2\repository\com\googlecode\json-simple\json-simple\1.1.1\json-simple-1.1.1.jar;C:\Users\athif\.m2\repository\junit\junit\4.10\junit-4.10.jar;C:\Users\athif\.m2\repository\org\hamcrest\hamcrest-core\1.1\hamcrest-core-1.1.jar;"/>
    <property name="java.vm.vendor" value="Oracle Corporation"/>
    <property name="sun.arch.data.model" value="64"/>
    <property name="user.variant" value=""/>
    <property name="java.vendor.url" value="https://java.oracle.com/"/>
    <property name="user.timezone" value="Asia/Jakarta"/>
    <property name="os.name" value="Windows 11"/>
    <property name="java.vm.specification.version" value="17"/>
    <property name="sun.java.launcher" value="SUN_STANDARD"/>
    <property name="user.country" value="AU"/>
    <property name="sun.boot.library.path" value="C:\Program Files\Java\jdk-17\bin"/>
    <property name="sun.java.command" value="C:\Users\athif\AppData\Local\Temp\surefire1478414961331812471\surefirebooter-20241210192939238_3.jar C:\Users\athif\AppData\Local\Temp\surefire1478414961331812471 2024-12-10T19-29-38_857-jvmRun1 surefire-20241210192939238_1tmp surefire_0-20241210192939238_2tmp"/>
    <property name="jdk.debug" value="release"/>
    <property name="test" value="GetCartwithDate"/>
    <property name="surefire.test.class.path" value="C:\Users\athif\Desktop\QA\ujianJC_REST_Assured\RestTest\target\test-classes;C:\Users\athif\Desktop\QA\ujianJC_REST_Assured\RestTest\target\classes;C:\Users\athif\.m2\repository\org\testng\testng\7.4.0\testng-7.4.0.jar;C:\Users\athif\.m2\repository\com\beust\jcommander\1.78\jcommander-1.78.jar;C:\Users\athif\.m2\repository\org\webjars\jquery\3.5.1\jquery-3.5.1.jar;C:\Users\athif\.m2\repository\io\rest-assured\rest-assured\4.5.1\rest-assured-4.5.1.jar;C:\Users\athif\.m2\repository\org\codehaus\groovy\groovy\3.0.9\groovy-3.0.9.jar;C:\Users\athif\.m2\repository\org\codehaus\groovy\groovy-xml\3.0.9\groovy-xml-3.0.9.jar;C:\Users\athif\.m2\repository\org\apache\httpcomponents\httpclient\4.5.13\httpclient-4.5.13.jar;C:\Users\athif\.m2\repository\org\apache\httpcomponents\httpcore\4.4.13\httpcore-4.4.13.jar;C:\Users\athif\.m2\repository\commons-logging\commons-logging\1.2\commons-logging-1.2.jar;C:\Users\athif\.m2\repository\commons-codec\commons-codec\1.11\commons-codec-1.11.jar;C:\Users\athif\.m2\repository\org\apache\httpcomponents\httpmime\4.5.13\httpmime-4.5.13.jar;C:\Users\athif\.m2\repository\org\hamcrest\hamcrest\2.1\hamcrest-2.1.jar;C:\Users\athif\.m2\repository\org\ccil\cowan\tagsoup\tagsoup\1.2.1\tagsoup-1.2.1.jar;C:\Users\athif\.m2\repository\io\rest-assured\json-path\4.5.1\json-path-4.5.1.jar;C:\Users\athif\.m2\repository\org\codehaus\groovy\groovy-json\3.0.9\groovy-json-3.0.9.jar;C:\Users\athif\.m2\repository\io\rest-assured\rest-assured-common\4.5.1\rest-assured-common-4.5.1.jar;C:\Users\athif\.m2\repository\io\rest-assured\xml-path\4.5.1\xml-path-4.5.1.jar;C:\Users\athif\.m2\repository\org\apache\commons\commons-lang3\3.11\commons-lang3-3.11.jar;C:\Users\athif\.m2\repository\com\googlecode\json-simple\json-simple\1.1.1\json-simple-1.1.1.jar;C:\Users\athif\.m2\repository\junit\junit\4.10\junit-4.10.jar;C:\Users\athif\.m2\repository\org\hamcrest\hamcrest-core\1.1\hamcrest-core-1.1.jar;"/>
    <property name="sun.cpu.endian" value="little"/>
    <property name="user.home" value="C:\Users\athif"/>
    <property name="user.language" value="en"/>
    <property name="java.specification.vendor" value="Oracle Corporation"/>
    <property name="java.version.date" value="2024-07-16"/>
    <property name="java.home" value="C:\Program Files\Java\jdk-17"/>
    <property name="file.separator" value="\"/>
    <property name="basedir" value="C:\Users\athif\Desktop\QA\ujianJC_REST_Assured\RestTest"/>
    <property name="java.vm.compressedOopsMode" value="Zero based"/>
    <property name="line.separator" value="&#10;"/>
    <property name="java.vm.specification.vendor" value="Oracle Corporation"/>
    <property name="java.specification.name" value="Java Platform API Specification"/>
    <property name="surefire.real.class.path" value="C:\Users\athif\AppData\Local\Temp\surefire1478414961331812471\surefirebooter-20241210192939238_3.jar"/>
    <property name="user.script" value=""/>
    <property name="sun.management.compiler" value="HotSpot 64-Bit Tiered Compilers"/>
    <property name="java.runtime.version" value="17.0.12+8-LTS-286"/>
    <property name="user.name" value="athif"/>
    <property name="path.separator" value=";"/>
    <property name="os.version" value="10.0"/>
    <property name="java.runtime.name" value="Java(TM) SE Runtime Environment"/>
    <property name="file.encoding" value="Cp1252"/>
    <property name="java.vm.name" value="Java HotSpot(TM) 64-Bit Server VM"/>
    <property name="localRepository" value="C:\Users\athif\.m2\repository"/>
    <property name="java.vendor.url.bug" value="https://bugreport.java.com/bugreport/"/>
    <property name="java.io.tmpdir" value="C:\Users\athif\AppData\Local\Temp\"/>
    <property name="java.version" value="17.0.12"/>
    <property name="user.dir" value="C:\Users\athif\Desktop\QA\ujianJC_REST_Assured\RestTest"/>
    <property name="os.arch" value="amd64"/>
    <property name="java.vm.specification.name" value="Java Virtual Machine Specification"/>
    <property name="sun.os.patch.level" value=""/>
    <property name="native.encoding" value="Cp1252"/>
    <property name="java.library.path" value="C:\Program Files\Java\jdk-17\bin;C:\Windows\Sun\Java\bin;C:\Windows\system32;C:\Windows;C:\Program Files\Common Files\Oracle\Java\javapath;C:\Program Files (x86)\Common Files\Oracle\Java\java8path;C:\Program Files (x86)\Common Files\Oracle\Java\javapath;C:\Program Files (x86)\VMware\VMware Workstation\bin\;C:\Windows\system32;C:\Windows;C:\Windows\System32\Wbem;C:\Windows\System32\WindowsPowerShell\v1.0\;C:\Windows\System32\OpenSSH\;C:\Program Files\nodejs\;C:\Program Files\Git\cmd;C:\Program Files\Docker\Docker\resources\bin;C:\Users\athif\AppData\Local\Android\Sdk\platform-tools;C:\Users\athif\AppData\Local\Android\Sdk\tools;C:\Users\athif\AppData\Local\Android\Sdk\tools\bin;c:\Users\athif\AppData\Local\Programs\cursor\resources\app\bin;C:\Program Files\k6\;C:\Program Files\MySQL\MySQL Server 8.0\bin;C:\Program Files\apache-maven-3.9.9\bin;C:\Program Files (x86)\firebird\firebird_2_5\bin\;C:\Program Files\MySQL\MySQL Shell 8.0\bin\;C:\Users\athif\AppData\Local\Programs\Python\Python312\Scripts\;C:\Users\athif\AppData\Local\Programs\Python\Python312\;C:\Users\athif\AppData\Local\Programs\Python\Launcher\;C:\Users\athif\AppData\Local\Microsoft\WindowsApps;C:\Users\athif\AppData\Local\Programs\Microsoft VS Code\bin;C:\Users\athif\AppData\Roaming\npm;C:\Program Files\JetBrains\IntelliJ IDEA Community Edition 2024.2.4\bin;;."/>
    <property name="java.vm.info" value="mixed mode, sharing"/>
    <property name="java.vendor" value="Oracle Corporation"/>
    <property name="java.vm.version" value="17.0.12+8-LTS-286"/>
    <property name="sun.io.unicode.encoding" value="UnicodeLittle"/>
    <property name="java.class.version" value="61.0"/>
  </properties>
  <testcase name="testGetLimitResult" classname="com.bda.GetCartwithDate" time="1.827">
    <system-out><![CDATA[================================
Get Cart with Date
Assertion passed: Status code is 200
Response: [{id=1, userId=1, date=2020-03-02T00:00:00.000Z, products=[{productId=1, quantity=4}, {productId=2, quantity=1}, {productId=3, quantity=6}], __v=0}, {id=2, userId=1, date=2020-01-02T00:00:00.000Z, products=[{productId=2, quantity=4}, {productId=1, quantity=10}, {productId=5, quantity=2}], __v=0}, {id=3, userId=2, date=2020-03-01T00:00:00.000Z, products=[{productId=1, quantity=2}, {productId=9, quantity=1}], __v=0}, {id=4, userId=3, date=2020-01-01T00:00:00.000Z, products=[{productId=1, quantity=4}], __v=0}, {id=5, userId=3, date=2020-03-01T00:00:00.000Z, products=[{productId=7, quantity=1}, {productId=8, quantity=1}], __v=0}, {id=6, userId=4, date=2020-03-01T00:00:00.000Z, products=[{productId=10, quantity=2}, {productId=12, quantity=3}], __v=0}, {id=7, userId=8, date=2020-03-01T00:00:00.000Z, products=[{productId=18, quantity=1}], __v=0}]
]]></system-out>
  </testcase>
</testsuite>