<?xml version="1.0" encoding="UTF-8"?>
<!-- Generated by org.testng.reporters.JUnitReportReporter -->
<testsuite hostname="LenovoAsus" failures="0" tests="1" name="com.bda.GetUserCart" time="0.791" errors="0" timestamp="2024-12-10T22:20:38 WIB" skipped="0">
  <testcase classname="com.bda.GetUserCart" name="testGetUserCart" time="0.791"/>
  <system-out/>
</testsuite> <!-- com.bda.GetUserCart -->
