<?xml version="1.0" encoding="UTF-8"?>
<!-- Generated by org.testng.reporters.JUnitReportReporter -->
<testsuite hostname="LenovoAsus" failures="0" tests="1" name="com.bda.UpdateCart" time="0.725" errors="0" timestamp="2024-12-10T22:20:38 WIB" skipped="0">
  <testcase classname="com.bda.UpdateCart" name="testUpdateCart" time="0.725"/>
  <system-out/>
</testsuite> <!-- com.bda.UpdateCart -->
