<?xml version="1.0" encoding="UTF-8"?>
<!-- Generated by org.testng.reporters.JUnitReportReporter -->
<testsuite hostname="LenovoAsus" failures="0" tests="1" name="com.bda.GetUserCart" time="10.713" errors="0" timestamp="2024-12-10T21:34:21 WIB" skipped="0">
  <testcase classname="com.bda.GetUserCart" name="testGetSingleCart" time="10.713"/>
  <system-out/>
</testsuite> <!-- com.bda.GetUserCart -->
