<?xml version="1.0" encoding="UTF-8"?>
<!-- Generated by org.testng.reporters.JUnitReportReporter -->
<testsuite hostname="LenovoAsus" failures="0" tests="1" name="com.bda.GetCartwithDate" time="1.826" errors="0" timestamp="2024-12-10T19:29:42 WIB" skipped="0">
  <testcase classname="com.bda.GetCartwithDate" name="testGetLimitResult" time="1.826"/>
  <system-out/>
</testsuite> <!-- com.bda.GetCartwithDate -->
