<?xml version="1.0" encoding="UTF-8"?>
<!-- Generated by org.testng.reporters.JUnitReportReporter -->
<testsuite hostname="LenovoAsus" failures="0" tests="1" name="com.bda.AddNewCart" time="0.462" errors="0" timestamp="2024-12-10T16:22:54 WIB" skipped="0">
  <testcase classname="com.bda.AddNewCart" name="testAddNewCart" time="0.462"/>
  <system-out/>
</testsuite> <!-- com.bda.AddNewCart -->
